2015-01-17 02:12:14.518+0000 INFO  [o.n.s.CommunityNeoServer]: Setting startup timeout to: 120000ms based on -1
2015-01-17 02:12:14.690+0000 INFO  [o.n.k.InternalAbstractGraphDatabase]: No locking implementation specified, defaulting to 'community'
2015-01-17 02:12:14.806+0000 INFO  [o.n.k.i.DiagnosticsManager]: --- INITIALIZED diagnostics START ---
2015-01-17 02:12:14.808+0000 INFO  [o.n.k.i.DiagnosticsManager]: Neo4j Kernel properties:
2015-01-17 02:12:14.810+0000 INFO  [o.n.k.i.DiagnosticsManager]: neostore.propertystore.db.mapped_memory=323M
2015-01-17 02:12:14.810+0000 INFO  [o.n.k.i.DiagnosticsManager]: neostore.nodestore.db.mapped_memory=89M
2015-01-17 02:12:14.810+0000 INFO  [o.n.k.i.DiagnosticsManager]: neostore.relationshipstore.db.mapped_memory=396M
2015-01-17 02:12:14.810+0000 INFO  [o.n.k.i.DiagnosticsManager]: neostore.propertystore.db.strings.mapped_memory=274M
2015-01-17 02:12:14.810+0000 INFO  [o.n.k.i.DiagnosticsManager]: store_dir=/Users/fengzhu/Software/neo4j-community-2.1.5/data/graph.db
2015-01-17 02:12:14.810+0000 INFO  [o.n.k.i.DiagnosticsManager]: neostore.propertystore.db.arrays.mapped_memory=311M
2015-01-17 02:12:14.810+0000 INFO  [o.n.k.i.DiagnosticsManager]: remote_shell_enabled=true
2015-01-17 02:12:14.812+0000 INFO  [o.n.k.i.DiagnosticsManager]: Diagnostics providers:
2015-01-17 02:12:14.812+0000 INFO  [o.n.k.i.DiagnosticsManager]: org.neo4j.kernel.configuration.Config
2015-01-17 02:12:14.812+0000 INFO  [o.n.k.i.DiagnosticsManager]: org.neo4j.kernel.info.DiagnosticsManager
2015-01-17 02:12:14.812+0000 INFO  [o.n.k.i.DiagnosticsManager]: SYSTEM_MEMORY
2015-01-17 02:12:14.812+0000 INFO  [o.n.k.i.DiagnosticsManager]: JAVA_MEMORY
2015-01-17 02:12:14.812+0000 INFO  [o.n.k.i.DiagnosticsManager]: OPERATING_SYSTEM
2015-01-17 02:12:14.812+0000 INFO  [o.n.k.i.DiagnosticsManager]: JAVA_VIRTUAL_MACHINE
2015-01-17 02:12:14.812+0000 INFO  [o.n.k.i.DiagnosticsManager]: CLASSPATH
2015-01-17 02:12:14.812+0000 INFO  [o.n.k.i.DiagnosticsManager]: LIBRARY_PATH
2015-01-17 02:12:14.812+0000 INFO  [o.n.k.i.DiagnosticsManager]: SYSTEM_PROPERTIES
2015-01-17 02:12:14.812+0000 INFO  [o.n.k.i.DiagnosticsManager]: NETWORK
2015-01-17 02:12:14.813+0000 INFO  [o.n.k.i.DiagnosticsManager]: System memory information:
2015-01-17 02:12:14.817+0000 INFO  [o.n.k.i.DiagnosticsManager]: Total Physical memory: 4.00 GB
2015-01-17 02:12:14.818+0000 INFO  [o.n.k.i.DiagnosticsManager]: Free Physical memory: 1018.59 MB
2015-01-17 02:12:14.819+0000 INFO  [o.n.k.i.DiagnosticsManager]: Committed virtual memory: 3.58 GB
2015-01-17 02:12:14.819+0000 INFO  [o.n.k.i.DiagnosticsManager]: Total swap space: 2.00 GB
2015-01-17 02:12:14.820+0000 INFO  [o.n.k.i.DiagnosticsManager]: Free swap space: 1.47 GB
2015-01-17 02:12:14.821+0000 INFO  [o.n.k.i.DiagnosticsManager]: JVM memory information:
2015-01-17 02:12:14.821+0000 INFO  [o.n.k.i.DiagnosticsManager]: Free  memory: 40.96 MB
2015-01-17 02:12:14.821+0000 INFO  [o.n.k.i.DiagnosticsManager]: Total memory: 61.88 MB
2015-01-17 02:12:14.821+0000 INFO  [o.n.k.i.DiagnosticsManager]: Max   memory: 990.75 MB
2015-01-17 02:12:14.830+0000 INFO  [o.n.k.i.DiagnosticsManager]: Garbage Collector: ParNew: [Par Eden Space, Par Survivor Space]
2015-01-17 02:12:14.830+0000 INFO  [o.n.k.i.DiagnosticsManager]: Garbage Collector: ConcurrentMarkSweep: [Par Eden Space, Par Survivor Space, CMS Old Gen, CMS Perm Gen]
2015-01-17 02:12:14.833+0000 INFO  [o.n.k.i.DiagnosticsManager]: Memory Pool: Code Cache (Non-heap memory): committed=2.44 MB, used=727.50 kB, max=48.00 MB, threshold=0.00 B
2015-01-17 02:12:14.834+0000 INFO  [o.n.k.i.DiagnosticsManager]: Memory Pool: Par Eden Space (Heap memory): committed=17.06 MB, used=16.95 MB, max=266.25 MB, threshold=?
2015-01-17 02:12:14.835+0000 INFO  [o.n.k.i.DiagnosticsManager]: Memory Pool: Par Survivor Space (Heap memory): committed=2.13 MB, used=2.12 MB, max=33.25 MB, threshold=?
2015-01-17 02:12:14.836+0000 INFO  [o.n.k.i.DiagnosticsManager]: Memory Pool: CMS Old Gen (Heap memory): committed=42.69 MB, used=1.84 MB, max=691.25 MB, threshold=0.00 B
2015-01-17 02:12:14.837+0000 INFO  [o.n.k.i.DiagnosticsManager]: Memory Pool: CMS Perm Gen (Non-heap memory): committed=20.75 MB, used=12.78 MB, max=82.00 MB, threshold=0.00 B
2015-01-17 02:12:14.837+0000 INFO  [o.n.k.i.DiagnosticsManager]: Operating system information:
2015-01-17 02:12:14.838+0000 INFO  [o.n.k.i.DiagnosticsManager]: Operating System: Mac OS X; version: 10.9.5; arch: x86_64; cpus: 4
2015-01-17 02:12:14.839+0000 INFO  [o.n.k.i.DiagnosticsManager]: Max number of file descriptors: 10240
2015-01-17 02:12:14.840+0000 INFO  [o.n.k.i.DiagnosticsManager]: Number of open file descriptors: 88
2015-01-17 02:12:14.840+0000 INFO  [o.n.k.i.DiagnosticsManager]: Process id: 32258@fengzhus-air.home
2015-01-17 02:12:14.840+0000 INFO  [o.n.k.i.DiagnosticsManager]: Byte order: LITTLE_ENDIAN
2015-01-17 02:12:14.840+0000 INFO  [o.n.k.i.DiagnosticsManager]: Local timezone: America/Los_Angeles
2015-01-17 02:12:14.841+0000 INFO  [o.n.k.i.DiagnosticsManager]: JVM information:
2015-01-17 02:12:14.841+0000 INFO  [o.n.k.i.DiagnosticsManager]: VM Name: Java HotSpot(TM) 64-Bit Server VM
2015-01-17 02:12:14.841+0000 INFO  [o.n.k.i.DiagnosticsManager]: VM Vendor: Oracle Corporation
2015-01-17 02:12:14.841+0000 INFO  [o.n.k.i.DiagnosticsManager]: VM Version: 24.65-b04
2015-01-17 02:12:14.841+0000 INFO  [o.n.k.i.DiagnosticsManager]: JIT compiler: HotSpot 64-Bit Tiered Compilers
2015-01-17 02:12:14.843+0000 INFO  [o.n.k.i.DiagnosticsManager]: VM Arguments: [-XX:+DisableExplicitGC, -Dorg.neo4j.server.properties=conf/neo4j-server.properties, -Djava.util.logging.config.file=conf/logging.properties, -Dlog4j.configuration=file:conf/log4j.properties, -XX:+UseConcMarkSweepGC, -XX:+CMSClassUnloadingEnabled, -Dneo4j.home=/Users/fengzhu/Software/neo4j-community-2.1.5, -Dneo4j.instance=/Users/fengzhu/Software/neo4j-community-2.1.5, -Dfile.encoding=UTF-8]
2015-01-17 02:12:14.843+0000 INFO  [o.n.k.i.DiagnosticsManager]: Java classpath:
2015-01-17 02:12:14.845+0000 INFO  [o.n.k.i.DiagnosticsManager]:  [classpath + loader.0] file:/Users/fengzhu/Software/neo4j-community-2.1.5/lib/server-api-2.1.5.jar
2015-01-17 02:12:14.845+0000 INFO  [o.n.k.i.DiagnosticsManager]:  [loader.1] file:/System/Library/Java/Extensions/dns_sd.jar
2015-01-17 02:12:14.845+0000 INFO  [o.n.k.i.DiagnosticsManager]:  [loader.1] file:/Library/Java/JavaVirtualMachines/jdk1.7.0_67.jdk/Contents/Home/jre/lib/ext/sunec.jar
2015-01-17 02:12:14.845+0000 INFO  [o.n.k.i.DiagnosticsManager]:  [classpath + loader.0] file:/Users/fengzhu/Software/neo4j-community-2.1.5/lib/geronimo-jta_1.1_spec-1.1.1.jar
2015-01-17 02:12:14.845+0000 INFO  [o.n.k.i.DiagnosticsManager]:  [classpath + loader.0] file:/Users/fengzhu/Software/neo4j-community-2.1.5/lib/neo4j-jmx-2.1.5.jar
2015-01-17 02:12:14.845+0000 INFO  [o.n.k.i.DiagnosticsManager]:  [loader.1] file:/System/Library/Java/Extensions/MRJToolkit.jar
2015-01-17 02:12:14.845+0000 INFO  [o.n.k.i.DiagnosticsManager]:  [classpath + loader.0] file:/Users/fengzhu/Software/neo4j-community-2.1.5/lib/neo4j-graph-algo-2.1.5.jar
2015-01-17 02:12:14.845+0000 INFO  [o.n.k.i.DiagnosticsManager]:  [loader.1] file:/System/Library/Java/Extensions/vecmath.jar
2015-01-17 02:12:14.845+0000 INFO  [o.n.k.i.DiagnosticsManager]:  [loader.1] file:/System/Library/Java/Extensions/libmlib_jai.jnilib
2015-01-17 02:12:14.845+0000 INFO  [o.n.k.i.DiagnosticsManager]:  [classpath + loader.0] file:/Users/fengzhu/Software/neo4j-community-2.1.5/system/lib/javax.servlet-3.0.0.v201112011016.jar
2015-01-17 02:12:14.845+0000 INFO  [o.n.k.i.DiagnosticsManager]:  [classpath + loader.0] file:/Users/fengzhu/Software/neo4j-community-2.1.5/system/lib/commons-compiler-2.6.1.jar
2015-01-17 02:12:14.845+0000 INFO  [o.n.k.i.DiagnosticsManager]:  [loader.1] file:/Library/Java/JavaVirtualMachines/jdk1.7.0_67.jdk/Contents/Home/jre/lib/ext/dnsns.jar
2015-01-17 02:12:14.845+0000 INFO  [o.n.k.i.DiagnosticsManager]:  [classpath + loader.0] file:/Users/fengzhu/Software/neo4j-community-2.1.5/system/lib/opencsv-2.0.jar
2015-01-17 02:12:14.845+0000 INFO  [o.n.k.i.DiagnosticsManager]:  [classpath + loader.0] file:/Users/fengzhu/Software/neo4j-community-2.1.5/plugins/mapdb-0.9.7.jar
2015-01-17 02:12:14.846+0000 INFO  [o.n.k.i.DiagnosticsManager]:  [loader.1] file:/Library/Java/JavaVirtualMachines/jdk1.7.0_67.jdk/Contents/Home/jre/lib/ext/sunjce_provider.jar
2015-01-17 02:12:14.846+0000 INFO  [o.n.k.i.DiagnosticsManager]:  [classpath + loader.0] file:/Users/fengzhu/Software/neo4j-community-2.1.5/system/lib/commons-collections-3.2.1.jar
2015-01-17 02:12:14.854+0000 INFO  [o.n.k.i.DiagnosticsManager]:  [classpath + loader.0] file:/Users/fengzhu/Software/neo4j-community-2.1.5/lib/neo4j-lucene-index-2.1.5.jar
2015-01-17 02:12:14.854+0000 INFO  [o.n.k.i.DiagnosticsManager]:  [classpath + loader.0] file:/Users/fengzhu/Software/neo4j-community-2.1.5/system/lib/neo4j-server-2.1.5.jar
2015-01-17 02:12:14.854+0000 INFO  [o.n.k.i.DiagnosticsManager]:  [classpath + loader.0] file:/Users/fengzhu/Software/neo4j-community-2.1.5/system/lib/jetty-server-9.0.5.v20130815.jar
2015-01-17 02:12:14.855+0000 INFO  [o.n.k.i.DiagnosticsManager]:  [loader.1] file:/System/Library/Java/Extensions/libJ3D.jnilib
2015-01-17 02:12:14.855+0000 INFO  [o.n.k.i.DiagnosticsManager]:  [classpath + loader.0] file:/Users/fengzhu/Software/neo4j-community-2.1.5/lib/neo4j-cypher-commons-2.1.5.jar
2015-01-17 02:12:14.855+0000 INFO  [o.n.k.i.DiagnosticsManager]:  [classpath + loader.0] file:/Users/fengzhu/Software/neo4j-community-2.1.5/lib/neo4j-primitive-collections-2.1.5.jar
2015-01-17 02:12:14.855+0000 INFO  [o.n.k.i.DiagnosticsManager]:  [loader.1] file:/System/Library/Java/Extensions/mlibwrapper_jai.jar
2015-01-17 02:12:14.855+0000 INFO  [o.n.k.i.DiagnosticsManager]:  [classpath + loader.0] file:/Users/fengzhu/Software/neo4j-community-2.1.5/lib/neo4j-graph-matching-2.1.5.jar
2015-01-17 02:12:14.855+0000 INFO  [o.n.k.i.DiagnosticsManager]:  [classpath + loader.0] file:/Users/fengzhu/Software/neo4j-community-2.1.5/lib/neo4j-cypher-compiler-1.9-2.0.3.jar
2015-01-17 02:12:14.855+0000 INFO  [o.n.k.i.DiagnosticsManager]:  [classpath + loader.0] file:/Users/fengzhu/Software/neo4j-community-2.1.5/system/lib/neo4j-server-2.1.5-static-web.jar
2015-01-17 02:12:14.855+0000 INFO  [o.n.k.i.DiagnosticsManager]:  [classpath + loader.0] file:/Users/fengzhu/Software/neo4j-community-2.1.5/system/lib/janino-2.6.1.jar
2015-01-17 02:12:14.855+0000 INFO  [o.n.k.i.DiagnosticsManager]:  [classpath + loader.0] file:/Users/fengzhu/Software/neo4j-community-2.1.5/lib/opencsv-2.0.jar
2015-01-17 02:12:14.855+0000 INFO  [o.n.k.i.DiagnosticsManager]:  [bootstrap] /Library/Java/JavaVirtualMachines/jdk1.7.0_67.jdk/Contents/Home/jre/lib/jce.jar
2015-01-17 02:12:14.855+0000 INFO  [o.n.k.i.DiagnosticsManager]:  [classpath + loader.0] file:/Users/fengzhu/Software/neo4j-community-2.1.5/system/lib/commons-io-1.4.jar
2015-01-17 02:12:14.855+0000 INFO  [o.n.k.i.DiagnosticsManager]:  [classpath + loader.0] file:/Users/fengzhu/Software/neo4j-community-2.1.5/system/lib/jetty-webapp-9.0.5.v20130815.jar
2015-01-17 02:12:14.855+0000 INFO  [o.n.k.i.DiagnosticsManager]:  [loader.1] file:/System/Library/Java/Extensions/QTJava.zip
2015-01-17 02:12:14.855+0000 INFO  [o.n.k.i.DiagnosticsManager]:  [classpath + loader.0] file:/Users/fengzhu/Software/neo4j-community-2.1.5/system/lib/mimepull-1.6.jar
2015-01-17 02:12:14.855+0000 INFO  [o.n.k.i.DiagnosticsManager]:  [bootstrap] /Library/Java/JavaVirtualMachines/jdk1.7.0_67.jdk/Contents/Home/jre/lib/rt.jar
2015-01-17 02:12:14.855+0000 INFO  [o.n.k.i.DiagnosticsManager]:  [classpath + loader.0] file:/Users/fengzhu/Software/neo4j-community-2.1.5/lib/org.apache.servicemix.bundles.jline-0.9.94_1.jar
2015-01-17 02:12:14.856+0000 INFO  [o.n.k.i.DiagnosticsManager]:  [classpath + loader.0] file:/Users/fengzhu/Software/neo4j-community-2.1.5/system/lib/commons-configuration-1.6.jar
2015-01-17 02:12:14.856+0000 INFO  [o.n.k.i.DiagnosticsManager]:  [classpath + loader.0] file:/Users/fengzhu/Software/neo4j-community-2.1.5/system/lib/logback-core-1.1.2.jar
2015-01-17 02:12:14.856+0000 INFO  [o.n.k.i.DiagnosticsManager]:  [classpath + loader.0] file:/Users/fengzhu/Software/neo4j-community-2.1.5/lib/neo4j-kernel-2.1.5.jar
2015-01-17 02:12:14.856+0000 INFO  [o.n.k.i.DiagnosticsManager]:  [classpath + loader.0] file:/Users/fengzhu/Software/neo4j-community-2.1.5/system/lib/jsr311-api-1.1.2.r612.jar
2015-01-17 02:12:14.856+0000 INFO  [o.n.k.i.DiagnosticsManager]:  [classpath + loader.0] file:/Users/fengzhu/Software/neo4j-community-2.1.5/system/lib/jetty-servlet-9.0.5.v20130815.jar
2015-01-17 02:12:14.856+0000 INFO  [o.n.k.i.DiagnosticsManager]:  [loader.1] file:/System/Library/Java/Extensions/libJ3DAudio.jnilib
2015-01-17 02:12:14.856+0000 INFO  [o.n.k.i.DiagnosticsManager]:  [loader.1] file:/System/Library/Java/Extensions/libAppleScriptEngine.jnilib
2015-01-17 02:12:14.856+0000 INFO  [o.n.k.i.DiagnosticsManager]:  [classpath + loader.0] file:/Users/fengzhu/Software/neo4j-community-2.1.5/system/lib/commons-digester-1.8.1.jar
2015-01-17 02:12:14.856+0000 INFO  [o.n.k.i.DiagnosticsManager]:  [loader.1] file:/System/Library/Java/Extensions/j3daudio.jar
2015-01-17 02:12:14.856+0000 INFO  [o.n.k.i.DiagnosticsManager]:  [classpath + loader.0] file:/Users/fengzhu/Software/neo4j-community-2.1.5/system/lib/jersey-multipart-1.9.jar
2015-01-17 02:12:14.856+0000 INFO  [o.n.k.i.DiagnosticsManager]:  [classpath + loader.0] file:/Users/fengzhu/Software/neo4j-community-2.1.5/lib/parboiled-scala_2.10-1.1.6.jar
2015-01-17 02:12:14.856+0000 INFO  [o.n.k.i.DiagnosticsManager]:  [loader.1] file:/System/Library/Java/Extensions/libJ3DUtils.jnilib
2015-01-17 02:12:14.856+0000 INFO  [o.n.k.i.DiagnosticsManager]:  [classpath + loader.0] file:/Users/fengzhu/Software/neo4j-community-2.1.5/system/lib/rhino-1.7R4.jar
2015-01-17 02:12:14.856+0000 INFO  [o.n.k.i.DiagnosticsManager]:  [classpath + loader.0] file:/Users/fengzhu/Software/neo4j-community-2.1.5/system/lib/jetty-http-9.0.5.v20130815.jar
2015-01-17 02:12:14.856+0000 INFO  [o.n.k.i.DiagnosticsManager]:  [classpath + loader.0] file:/Users/fengzhu/Software/neo4j-community-2.1.5/system/lib/jersey-server-1.9.jar
2015-01-17 02:12:14.857+0000 INFO  [o.n.k.i.DiagnosticsManager]:  [classpath + loader.0] file:/Users/fengzhu/Software/neo4j-community-2.1.5/system/lib/jackson-jaxrs-1.9.7.jar
2015-01-17 02:12:14.857+0000 INFO  [o.n.k.i.DiagnosticsManager]:  [loader.1] file:/System/Library/Java/Extensions/libQTJNative.jnilib
2015-01-17 02:12:14.857+0000 INFO  [o.n.k.i.DiagnosticsManager]:  [classpath + loader.0] file:/Users/fengzhu/Software/neo4j-community-2.1.5/lib/scala-library-2.10.4.jar
2015-01-17 02:12:14.857+0000 INFO  [o.n.k.i.DiagnosticsManager]:  [loader.1] file:/System/Library/Java/Extensions/j3dcore.jar
2015-01-17 02:12:14.857+0000 INFO  [o.n.k.i.DiagnosticsManager]:  [classpath + loader.0] file:/Users/fengzhu/Software/neo4j-community-2.1.5/lib/neo4j-cypher-2.1.5.jar
2015-01-17 02:12:14.857+0000 INFO  [o.n.k.i.DiagnosticsManager]:  [loader.1] file:/usr/lib/java/libjdns_sd.jnilib
2015-01-17 02:12:14.857+0000 INFO  [o.n.k.i.DiagnosticsManager]:  [loader.1] file:/System/Library/Java/Extensions/j3dutils.jar
2015-01-17 02:12:14.857+0000 INFO  [o.n.k.i.DiagnosticsManager]:  [classpath + loader.0] file:/Users/fengzhu/Software/neo4j-community-2.1.5/lib/neo4j-cypher-compiler-2.1-2.1.5.jar
2015-01-17 02:12:14.857+0000 INFO  [o.n.k.i.DiagnosticsManager]:  [loader.1] file:/System/Library/Java/Extensions/jai_core.jar
2015-01-17 02:12:14.857+0000 INFO  [o.n.k.i.DiagnosticsManager]:  [bootstrap] /Library/Java/JavaVirtualMachines/jdk1.7.0_67.jdk/Contents/Home/jre/lib/jsse.jar
2015-01-17 02:12:14.857+0000 INFO  [o.n.k.i.DiagnosticsManager]:  [classpath + loader.0] file:/Users/fengzhu/Software/neo4j-community-2.1.5/system/lib/neo4j-browser-2.1.5.jar
2015-01-17 02:12:14.857+0000 INFO  [o.n.k.i.DiagnosticsManager]:  [loader.1] file:/System/Library/Java/Extensions/jai_codec.jar
2015-01-17 02:12:14.857+0000 INFO  [o.n.k.i.DiagnosticsManager]:  [classpath + loader.0] file:/Users/fengzhu/Software/neo4j-community-2.1.5/system/lib/jetty-xml-9.0.5.v20130815.jar
2015-01-17 02:12:14.857+0000 INFO  [o.n.k.i.DiagnosticsManager]:  [loader.1] file:/Library/Java/JavaVirtualMachines/jdk1.7.0_67.jdk/Contents/Home/jre/lib/ext/zipfs.jar
2015-01-17 02:12:14.857+0000 INFO  [o.n.k.i.DiagnosticsManager]:  [bootstrap] /Library/Java/JavaVirtualMachines/jdk1.7.0_67.jdk/Contents/Home/jre/lib/charsets.jar
2015-01-17 02:12:14.857+0000 INFO  [o.n.k.i.DiagnosticsManager]:  [classpath + loader.0] file:/Users/fengzhu/Software/neo4j-community-2.1.5/system/lib/jackson-core-asl-1.9.7.jar
2015-01-17 02:12:14.858+0000 INFO  [o.n.k.i.DiagnosticsManager]:  [classpath + loader.0] file:/Users/fengzhu/Software/neo4j-community-2.1.5/system/lib/asm-3.1.jar
2015-01-17 02:12:14.858+0000 INFO  [o.n.k.i.DiagnosticsManager]:  [classpath + loader.0] file:/Users/fengzhu/Software/neo4j-community-2.1.5/system/lib/rrd4j-2.0.7.jar
2015-01-17 02:12:14.858+0000 INFO  [o.n.k.i.DiagnosticsManager]:  [classpath + loader.0] file:/Users/fengzhu/Software/neo4j-community-2.1.5/system/lib/commons-lang-2.4.jar
2015-01-17 02:12:14.858+0000 INFO  [o.n.k.i.DiagnosticsManager]:  [classpath + loader.0] file:/Users/fengzhu/Software/neo4j-community-2.1.5/plugins/mapdb-index-1.0.jar
2015-01-17 02:12:14.858+0000 INFO  [o.n.k.i.DiagnosticsManager]:  [bootstrap] /Library/Java/JavaVirtualMachines/jdk1.7.0_67.jdk/Contents/Home/jre/lib/resources.jar
2015-01-17 02:12:14.858+0000 INFO  [o.n.k.i.DiagnosticsManager]:  [classpath + loader.0] file:/Users/fengzhu/Software/neo4j-community-2.1.5/system/lib/logback-access-1.1.2.jar
2015-01-17 02:12:14.858+0000 INFO  [o.n.k.i.DiagnosticsManager]:  [loader.1] file:/Library/Java/JavaVirtualMachines/jdk1.7.0_67.jdk/Contents/Home/jre/lib/ext/localedata.jar
2015-01-17 02:12:14.858+0000 INFO  [o.n.k.i.DiagnosticsManager]:  [classpath + loader.0] file:/Users/fengzhu/Software/neo4j-community-2.1.5/system/lib/jetty-security-9.0.5.v20130815.jar
2015-01-17 02:12:14.858+0000 INFO  [o.n.k.i.DiagnosticsManager]:  [classpath + loader.0] file:/Users/fengzhu/Software/neo4j-community-2.1.5/system/lib/jackson-mapper-asl-1.9.7.jar
2015-01-17 02:12:14.858+0000 INFO  [o.n.k.i.DiagnosticsManager]:  [classpath + loader.0] file:/Users/fengzhu/Software/neo4j-community-2.1.5/lib/lucene-core-3.6.2.jar
2015-01-17 02:12:14.858+0000 INFO  [o.n.k.i.DiagnosticsManager]:  [classpath + loader.0] file:/Users/fengzhu/Software/neo4j-community-2.1.5/system/lib/logback-classic-1.1.2.jar
2015-01-17 02:12:14.858+0000 INFO  [o.n.k.i.DiagnosticsManager]:  [classpath + loader.0] file:/Users/fengzhu/Software/neo4j-community-2.1.5/lib/concurrentlinkedhashmap-lru-1.3.1.jar
2015-01-17 02:12:14.858+0000 INFO  [o.n.k.i.DiagnosticsManager]:  [classpath + loader.0] file:/Users/fengzhu/Software/neo4j-community-2.1.5/system/lib/jetty-util-9.0.5.v20130815.jar
2015-01-17 02:12:14.858+0000 INFO  [o.n.k.i.DiagnosticsManager]:  [bootstrap] /Library/Java/JavaVirtualMachines/jdk1.7.0_67.jdk/Contents/Home/jre/lib/sunrsasign.jar
2015-01-17 02:12:14.858+0000 INFO  [o.n.k.i.DiagnosticsManager]:  [bootstrap] /Library/Java/JavaVirtualMachines/jdk1.7.0_67.jdk/Contents/Home/jre/classes
2015-01-17 02:12:14.858+0000 INFO  [o.n.k.i.DiagnosticsManager]:  [classpath + loader.0] file:/Users/fengzhu/Software/neo4j-community-2.1.5/system/lib/commons-beanutils-core-1.8.0.jar
2015-01-17 02:12:14.858+0000 INFO  [o.n.k.i.DiagnosticsManager]:  [classpath + loader.0] file:/Users/fengzhu/Software/neo4j-community-2.1.5/system/lib/commons-beanutils-1.8.0.jar
2015-01-17 02:12:14.858+0000 INFO  [o.n.k.i.DiagnosticsManager]:  [classpath + loader.0] file:/Users/fengzhu/Software/neo4j-community-2.1.5/system/lib/slf4j-api-1.6.2.jar
2015-01-17 02:12:14.858+0000 INFO  [o.n.k.i.DiagnosticsManager]:  [classpath + loader.0] file:/Users/fengzhu/Software/neo4j-community-2.1.5/system/lib/jcl-over-slf4j-1.6.1.jar
2015-01-17 02:12:14.858+0000 INFO  [o.n.k.i.DiagnosticsManager]:  [classpath + loader.0] file:/Users/fengzhu/Software/neo4j-community-2.1.5/lib/parboiled-core-1.1.6.jar
2015-01-17 02:12:14.858+0000 INFO  [o.n.k.i.DiagnosticsManager]:  [classpath + loader.0] file:/Users/fengzhu/Software/neo4j-community-2.1.5/lib/neo4j-shell-2.1.5.jar
2015-01-17 02:12:14.858+0000 INFO  [o.n.k.i.DiagnosticsManager]:  [loader.1] file:/System/Library/Java/Extensions/AppleScriptEngine.jar
2015-01-17 02:12:14.858+0000 INFO  [o.n.k.i.DiagnosticsManager]:  [classpath + loader.0] file:/Users/fengzhu/Software/neo4j-community-2.1.5/conf/
2015-01-17 02:12:14.858+0000 INFO  [o.n.k.i.DiagnosticsManager]:  [classpath + loader.0] file:/Users/fengzhu/Software/neo4j-community-2.1.5/system/lib/jersey-core-1.9.jar
2015-01-17 02:12:14.858+0000 INFO  [o.n.k.i.DiagnosticsManager]:  [bootstrap] /Library/Java/JavaVirtualMachines/jdk1.7.0_67.jdk/Contents/Home/jre/lib/jfr.jar
2015-01-17 02:12:14.859+0000 INFO  [o.n.k.i.DiagnosticsManager]:  [classpath + loader.0] file:/Users/fengzhu/Software/neo4j-community-2.1.5/system/lib/commons-logging-1.1.1.jar
2015-01-17 02:12:14.859+0000 INFO  [o.n.k.i.DiagnosticsManager]:  [classpath + loader.0] file:/Users/fengzhu/Software/neo4j-community-2.1.5/system/lib/bcprov-jdk16-140.jar
2015-01-17 02:12:14.859+0000 INFO  [o.n.k.i.DiagnosticsManager]:  [classpath + loader.0] file:/Users/fengzhu/Software/neo4j-community-2.1.5/lib/neo4j-cypher-compiler-2.0-2.0.3.jar
2015-01-17 02:12:14.859+0000 INFO  [o.n.k.i.DiagnosticsManager]:  [classpath + loader.0] file:/Users/fengzhu/Software/neo4j-community-2.1.5/system/lib/jetty-io-9.0.5.v20130815.jar
2015-01-17 02:12:14.859+0000 INFO  [o.n.k.i.DiagnosticsManager]:  [loader.1] file:/Library/Java/JavaVirtualMachines/jdk1.7.0_67.jdk/Contents/Home/jre/lib/ext/sunpkcs11.jar
2015-01-17 02:12:14.859+0000 INFO  [o.n.k.i.DiagnosticsManager]:  [classpath + loader.0] file:/Users/fengzhu/Software/neo4j-community-2.1.5/lib/neo4j-udc-2.1.5.jar
2015-01-17 02:12:14.859+0000 INFO  [o.n.k.i.DiagnosticsManager]: Library path:
2015-01-17 02:12:14.859+0000 INFO  [o.n.k.i.DiagnosticsManager]: /Users/fengzhu/Library/Java/Extensions
2015-01-17 02:12:14.859+0000 INFO  [o.n.k.i.DiagnosticsManager]: /Library/Java/Extensions
2015-01-17 02:12:14.859+0000 INFO  [o.n.k.i.DiagnosticsManager]: /Network/Library/Java/Extensions
2015-01-17 02:12:14.859+0000 INFO  [o.n.k.i.DiagnosticsManager]: /System/Library/Java/Extensions
2015-01-17 02:12:14.859+0000 INFO  [o.n.k.i.DiagnosticsManager]: /usr/lib/java
2015-01-17 02:12:14.859+0000 INFO  [o.n.k.i.DiagnosticsManager]: /Users/fengzhu/Software/neo4j-community-2.1.5
2015-01-17 02:12:14.860+0000 INFO  [o.n.k.i.DiagnosticsManager]: System.properties:
2015-01-17 02:12:14.860+0000 INFO  [o.n.k.i.DiagnosticsManager]: sun.boot.library.path = /Library/Java/JavaVirtualMachines/jdk1.7.0_67.jdk/Contents/Home/jre/lib
2015-01-17 02:12:14.860+0000 INFO  [o.n.k.i.DiagnosticsManager]: org.neo4j.server.properties = conf/neo4j-server.properties
2015-01-17 02:12:14.860+0000 INFO  [o.n.k.i.DiagnosticsManager]: gopherProxySet = false
2015-01-17 02:12:14.860+0000 INFO  [o.n.k.i.DiagnosticsManager]: path.separator = :
2015-01-17 02:12:14.860+0000 INFO  [o.n.k.i.DiagnosticsManager]: file.encoding.pkg = sun.io
2015-01-17 02:12:14.861+0000 INFO  [o.n.k.i.DiagnosticsManager]: user.country = US
2015-01-17 02:12:14.861+0000 INFO  [o.n.k.i.DiagnosticsManager]: sun.java.launcher = SUN_STANDARD
2015-01-17 02:12:14.861+0000 INFO  [o.n.k.i.DiagnosticsManager]: sun.os.patch.level = unknown
2015-01-17 02:12:14.861+0000 INFO  [o.n.k.i.DiagnosticsManager]: user.dir = /Users/fengzhu/Software/neo4j-community-2.1.5
2015-01-17 02:12:14.861+0000 INFO  [o.n.k.i.DiagnosticsManager]: log4j.configuration = file:conf/log4j.properties
2015-01-17 02:12:14.861+0000 INFO  [o.n.k.i.DiagnosticsManager]: sun.jnu.encoding = UTF-8
2015-01-17 02:12:14.861+0000 INFO  [o.n.k.i.DiagnosticsManager]: sun.management.compiler = HotSpot 64-Bit Tiered Compilers
2015-01-17 02:12:14.861+0000 INFO  [o.n.k.i.DiagnosticsManager]: http.nonProxyHosts = local|*.local|169.254/16|*.169.254/16
2015-01-17 02:12:14.861+0000 INFO  [o.n.k.i.DiagnosticsManager]: user.home = /Users/fengzhu
2015-01-17 02:12:14.861+0000 INFO  [o.n.k.i.DiagnosticsManager]: user.timezone = America/Los_Angeles
2015-01-17 02:12:14.861+0000 INFO  [o.n.k.i.DiagnosticsManager]: file.encoding = UTF-8
2015-01-17 02:12:14.861+0000 INFO  [o.n.k.i.DiagnosticsManager]: user.name = fengzhu
2015-01-17 02:12:14.861+0000 INFO  [o.n.k.i.DiagnosticsManager]: sun.java.command = org.neo4j.server.Bootstrapper
2015-01-17 02:12:14.861+0000 INFO  [o.n.k.i.DiagnosticsManager]: sun.arch.data.model = 64
2015-01-17 02:12:14.861+0000 INFO  [o.n.k.i.DiagnosticsManager]: user.language = en
2015-01-17 02:12:14.862+0000 INFO  [o.n.k.i.DiagnosticsManager]: awt.toolkit = sun.lwawt.macosx.LWCToolkit
2015-01-17 02:12:14.862+0000 INFO  [o.n.k.i.DiagnosticsManager]: file.separator = /
2015-01-17 02:12:14.862+0000 INFO  [o.n.k.i.DiagnosticsManager]: sun.io.unicode.encoding = UnicodeBig
2015-01-17 02:12:14.862+0000 INFO  [o.n.k.i.DiagnosticsManager]: sun.cpu.endian = little
2015-01-17 02:12:14.862+0000 INFO  [o.n.k.i.DiagnosticsManager]: socksNonProxyHosts = local|*.local|169.254/16|*.169.254/16
2015-01-17 02:12:14.862+0000 INFO  [o.n.k.i.DiagnosticsManager]: neo4j.instance = /Users/fengzhu/Software/neo4j-community-2.1.5
2015-01-17 02:12:14.862+0000 INFO  [o.n.k.i.DiagnosticsManager]: ftp.nonProxyHosts = local|*.local|169.254/16|*.169.254/16
2015-01-17 02:12:14.862+0000 INFO  [o.n.k.i.DiagnosticsManager]: neo4j.home = /Users/fengzhu/Software/neo4j-community-2.1.5
2015-01-17 02:12:14.862+0000 INFO  [o.n.k.i.DiagnosticsManager]: sun.cpu.isalist = 
2015-01-17 02:12:14.862+0000 INFO  [o.n.k.i.DiagnosticsManager]: Network information:
2015-01-17 02:12:14.865+0000 INFO  [o.n.k.i.DiagnosticsManager]: Interface en0:
2015-01-17 02:12:14.866+0000 INFO  [o.n.k.i.DiagnosticsManager]:     address: fe80:0:0:0:bae8:56ff:fe21:d7c%4
2015-01-17 02:12:14.866+0000 INFO  [o.n.k.i.DiagnosticsManager]:     address: 192.168.1.2
2015-01-17 02:12:14.866+0000 INFO  [o.n.k.i.DiagnosticsManager]: Interface lo0:
2015-01-17 02:12:14.866+0000 INFO  [o.n.k.i.DiagnosticsManager]:     address: fe80:0:0:0:0:0:0:1%1
2015-01-17 02:12:14.866+0000 INFO  [o.n.k.i.DiagnosticsManager]:     address: 0:0:0:0:0:0:0:1
2015-01-17 02:12:14.867+0000 INFO  [o.n.k.i.DiagnosticsManager]:     address: 127.0.0.1
2015-01-17 02:12:14.867+0000 INFO  [o.n.k.i.DiagnosticsManager]: --- INITIALIZED diagnostics END ---
2015-01-17 02:12:15.231+0000 INFO  [o.n.k.i.n.s.StoreFactory]: Creating new db @ /Users/fengzhu/Software/neo4j-community-2.1.5/data/graph.db/neostore
2015-01-17 02:12:15.274+0000 INFO  [o.n.k.i.n.s.StoreFactory]: [/Users/fengzhu/Software/neo4j-community-2.1.5/data/graph.db/neostore.relationshiptypestore.db.names] brickCount=0 brickSize=0b mappedMem=0b (storeSize=38b)
2015-01-17 02:12:15.275+0000 INFO  [o.n.k.i.n.s.StoreFactory]: [/Users/fengzhu/Software/neo4j-community-2.1.5/data/graph.db/neostore.relationshiptypestore.db] brickCount=0 brickSize=0b mappedMem=0b (storeSize=0b)
2015-01-17 02:12:15.276+0000 INFO  [o.n.k.i.n.s.StoreFactory]: /Users/fengzhu/Software/neo4j-community-2.1.5/data/graph.db/neostore.relationshiptypestore.db.names hit=0 miss=0 switches=0 ooe=0
2015-01-17 02:12:15.278+0000 INFO  [o.n.k.i.n.s.StoreFactory]: /Users/fengzhu/Software/neo4j-community-2.1.5/data/graph.db/neostore.relationshiptypestore.db hit=0 miss=0 switches=0 ooe=0
2015-01-17 02:12:15.282+0000 INFO  [o.n.k.i.n.s.StoreFactory]: [/Users/fengzhu/Software/neo4j-community-2.1.5/data/graph.db/neostore.labeltokenstore.db.names] brickCount=0 brickSize=0b mappedMem=0b (storeSize=38b)
2015-01-17 02:12:15.283+0000 INFO  [o.n.k.i.n.s.StoreFactory]: [/Users/fengzhu/Software/neo4j-community-2.1.5/data/graph.db/neostore.labeltokenstore.db] brickCount=0 brickSize=0b mappedMem=0b (storeSize=0b)
2015-01-17 02:12:15.283+0000 INFO  [o.n.k.i.n.s.StoreFactory]: /Users/fengzhu/Software/neo4j-community-2.1.5/data/graph.db/neostore.labeltokenstore.db.names hit=0 miss=0 switches=0 ooe=0
2015-01-17 02:12:15.284+0000 INFO  [o.n.k.i.n.s.StoreFactory]: /Users/fengzhu/Software/neo4j-community-2.1.5/data/graph.db/neostore.labeltokenstore.db hit=0 miss=0 switches=0 ooe=0
2015-01-17 02:12:15.291+0000 INFO  [o.n.k.i.n.s.StoreFactory]: [/Users/fengzhu/Software/neo4j-community-2.1.5/data/graph.db/neostore.relationshiptypestore.db.names] brickCount=0 brickSize=0b mappedMem=0b (storeSize=38b)
2015-01-17 02:12:15.291+0000 INFO  [o.n.k.i.n.s.StoreFactory]: [/Users/fengzhu/Software/neo4j-community-2.1.5/data/graph.db/neostore.relationshiptypestore.db] brickCount=0 brickSize=0b mappedMem=0b (storeSize=0b)
2015-01-17 02:12:15.292+0000 INFO  [o.n.k.i.n.s.StoreFactory]: [/Users/fengzhu/Software/neo4j-community-2.1.5/data/graph.db/neostore.labeltokenstore.db.names] brickCount=0 brickSize=0b mappedMem=0b (storeSize=38b)
2015-01-17 02:12:15.292+0000 INFO  [o.n.k.i.n.s.StoreFactory]: [/Users/fengzhu/Software/neo4j-community-2.1.5/data/graph.db/neostore.labeltokenstore.db] brickCount=0 brickSize=0b mappedMem=0b (storeSize=0b)
2015-01-17 02:12:15.292+0000 INFO  [o.n.k.i.n.s.StoreFactory]: [/Users/fengzhu/Software/neo4j-community-2.1.5/data/graph.db/neostore.propertystore.db.strings] brickCount=0 brickSize=287232b mappedMem=287309824b (storeSize=128b)
2015-01-17 02:12:15.293+0000 INFO  [o.n.k.i.n.s.StoreFactory]: [/Users/fengzhu/Software/neo4j-community-2.1.5/data/graph.db/neostore.propertystore.db.index.keys] brickCount=0 brickSize=0b mappedMem=0b (storeSize=38b)
2015-01-17 02:12:15.293+0000 INFO  [o.n.k.i.n.s.StoreFactory]: [/Users/fengzhu/Software/neo4j-community-2.1.5/data/graph.db/neostore.propertystore.db.index] brickCount=0 brickSize=0b mappedMem=0b (storeSize=0b)
2015-01-17 02:12:15.293+0000 INFO  [o.n.k.i.n.s.StoreFactory]: [/Users/fengzhu/Software/neo4j-community-2.1.5/data/graph.db/neostore.propertystore.db.arrays] brickCount=0 brickSize=326016b mappedMem=326107136b (storeSize=128b)
2015-01-17 02:12:15.297+0000 INFO  [o.n.k.i.n.s.StoreFactory]: [/Users/fengzhu/Software/neo4j-community-2.1.5/data/graph.db/neostore.propertystore.db] brickCount=0 brickSize=3386887b mappedMem=338690048b (storeSize=0b)
2015-01-17 02:12:15.301+0000 INFO  [o.n.k.i.n.s.StoreFactory]: [/Users/fengzhu/Software/neo4j-community-2.1.5/data/graph.db/neostore.relationshipstore.db] brickCount=0 brickSize=4152352b mappedMem=415236096b (storeSize=0b)
2015-01-17 02:12:15.301+0000 INFO  [o.n.k.i.n.s.StoreFactory]: [/Users/fengzhu/Software/neo4j-community-2.1.5/data/graph.db/neostore.nodestore.db.labels] brickCount=0 brickSize=0b mappedMem=0b (storeSize=68b)
2015-01-17 02:12:15.304+0000 INFO  [o.n.k.i.n.s.StoreFactory]: [/Users/fengzhu/Software/neo4j-community-2.1.5/data/graph.db/neostore.nodestore.db] brickCount=0 brickSize=933225b mappedMem=93323264b (storeSize=0b)
2015-01-17 02:12:15.304+0000 INFO  [o.n.k.i.n.s.StoreFactory]: [/Users/fengzhu/Software/neo4j-community-2.1.5/data/graph.db/neostore.schemastore.db] brickCount=0 brickSize=0b mappedMem=0b (storeSize=64b)
2015-01-17 02:12:15.306+0000 INFO  [o.n.k.i.n.s.StoreFactory]: [/Users/fengzhu/Software/neo4j-community-2.1.5/data/graph.db/neostore.relationshipgroupstore.db] brickCount=0 brickSize=0b mappedMem=0b (storeSize=25b)
2015-01-17 02:12:15.307+0000 INFO  [o.n.k.i.n.s.StoreFactory]: [/Users/fengzhu/Software/neo4j-community-2.1.5/data/graph.db/neostore] brickCount=0 brickSize=0b mappedMem=0b (storeSize=0b)
2015-01-17 02:12:15.311+0000 INFO  [o.n.k.i.n.s.StoreFactory]: /Users/fengzhu/Software/neo4j-community-2.1.5/data/graph.db/neostore.relationshiptypestore.db.names hit=0 miss=0 switches=0 ooe=0
2015-01-17 02:12:15.312+0000 INFO  [o.n.k.i.n.s.StoreFactory]: /Users/fengzhu/Software/neo4j-community-2.1.5/data/graph.db/neostore.relationshiptypestore.db hit=0 miss=0 switches=0 ooe=0
2015-01-17 02:12:15.313+0000 INFO  [o.n.k.i.n.s.StoreFactory]: /Users/fengzhu/Software/neo4j-community-2.1.5/data/graph.db/neostore.labeltokenstore.db.names hit=0 miss=0 switches=0 ooe=0
2015-01-17 02:12:15.314+0000 INFO  [o.n.k.i.n.s.StoreFactory]: /Users/fengzhu/Software/neo4j-community-2.1.5/data/graph.db/neostore.labeltokenstore.db hit=0 miss=0 switches=0 ooe=0
2015-01-17 02:12:15.315+0000 INFO  [o.n.k.i.n.s.StoreFactory]: /Users/fengzhu/Software/neo4j-community-2.1.5/data/graph.db/neostore.propertystore.db.strings hit=0 miss=0 switches=0 ooe=0
2015-01-17 02:12:15.316+0000 INFO  [o.n.k.i.n.s.StoreFactory]: /Users/fengzhu/Software/neo4j-community-2.1.5/data/graph.db/neostore.propertystore.db.index.keys hit=0 miss=0 switches=0 ooe=0
2015-01-17 02:12:15.317+0000 INFO  [o.n.k.i.n.s.StoreFactory]: /Users/fengzhu/Software/neo4j-community-2.1.5/data/graph.db/neostore.propertystore.db.index hit=0 miss=0 switches=0 ooe=0
2015-01-17 02:12:15.318+0000 INFO  [o.n.k.i.n.s.StoreFactory]: /Users/fengzhu/Software/neo4j-community-2.1.5/data/graph.db/neostore.propertystore.db.arrays hit=0 miss=0 switches=0 ooe=0
2015-01-17 02:12:15.320+0000 INFO  [o.n.k.i.n.s.StoreFactory]: /Users/fengzhu/Software/neo4j-community-2.1.5/data/graph.db/neostore.propertystore.db hit=0 miss=0 switches=0 ooe=0
2015-01-17 02:12:15.321+0000 INFO  [o.n.k.i.n.s.StoreFactory]: /Users/fengzhu/Software/neo4j-community-2.1.5/data/graph.db/neostore.relationshipstore.db hit=0 miss=0 switches=0 ooe=0
2015-01-17 02:12:15.322+0000 INFO  [o.n.k.i.n.s.StoreFactory]: /Users/fengzhu/Software/neo4j-community-2.1.5/data/graph.db/neostore.nodestore.db.labels hit=0 miss=0 switches=0 ooe=0
2015-01-17 02:12:15.323+0000 INFO  [o.n.k.i.n.s.StoreFactory]: /Users/fengzhu/Software/neo4j-community-2.1.5/data/graph.db/neostore.nodestore.db hit=0 miss=0 switches=0 ooe=0
2015-01-17 02:12:15.324+0000 INFO  [o.n.k.i.n.s.StoreFactory]: /Users/fengzhu/Software/neo4j-community-2.1.5/data/graph.db/neostore.schemastore.db hit=0 miss=0 switches=0 ooe=0
2015-01-17 02:12:15.325+0000 INFO  [o.n.k.i.n.s.StoreFactory]: /Users/fengzhu/Software/neo4j-community-2.1.5/data/graph.db/neostore.relationshipgroupstore.db hit=0 miss=0 switches=0 ooe=0
2015-01-17 02:12:15.326+0000 INFO  [o.n.k.i.n.s.StoreFactory]: /Users/fengzhu/Software/neo4j-community-2.1.5/data/graph.db/neostore hit=0 miss=10 switches=0 ooe=0
2015-01-17 02:12:15.337+0000 INFO  [o.n.k.i.n.s.StoreFactory]: [/Users/fengzhu/Software/neo4j-community-2.1.5/data/graph.db/neostore.relationshiptypestore.db.names] brickCount=0 brickSize=0b mappedMem=0b (storeSize=38b)
2015-01-17 02:12:15.338+0000 INFO  [o.n.k.i.n.s.StoreFactory]: [/Users/fengzhu/Software/neo4j-community-2.1.5/data/graph.db/neostore.relationshiptypestore.db] brickCount=0 brickSize=0b mappedMem=0b (storeSize=0b)
2015-01-17 02:12:15.338+0000 INFO  [o.n.k.i.n.s.StoreFactory]: [/Users/fengzhu/Software/neo4j-community-2.1.5/data/graph.db/neostore.labeltokenstore.db.names] brickCount=0 brickSize=0b mappedMem=0b (storeSize=38b)
2015-01-17 02:12:15.338+0000 INFO  [o.n.k.i.n.s.StoreFactory]: [/Users/fengzhu/Software/neo4j-community-2.1.5/data/graph.db/neostore.labeltokenstore.db] brickCount=0 brickSize=0b mappedMem=0b (storeSize=0b)
2015-01-17 02:12:15.339+0000 INFO  [o.n.k.i.n.s.StoreFactory]: [/Users/fengzhu/Software/neo4j-community-2.1.5/data/graph.db/neostore.propertystore.db.strings] brickCount=0 brickSize=287232b mappedMem=287309824b (storeSize=128b)
2015-01-17 02:12:15.339+0000 INFO  [o.n.k.i.n.s.StoreFactory]: [/Users/fengzhu/Software/neo4j-community-2.1.5/data/graph.db/neostore.propertystore.db.index.keys] brickCount=0 brickSize=0b mappedMem=0b (storeSize=38b)
2015-01-17 02:12:15.340+0000 INFO  [o.n.k.i.n.s.StoreFactory]: [/Users/fengzhu/Software/neo4j-community-2.1.5/data/graph.db/neostore.propertystore.db.index] brickCount=0 brickSize=0b mappedMem=0b (storeSize=0b)
2015-01-17 02:12:15.341+0000 INFO  [o.n.k.i.n.s.StoreFactory]: [/Users/fengzhu/Software/neo4j-community-2.1.5/data/graph.db/neostore.propertystore.db.arrays] brickCount=0 brickSize=326016b mappedMem=326107136b (storeSize=128b)
2015-01-17 02:12:15.341+0000 INFO  [o.n.k.i.n.s.StoreFactory]: [/Users/fengzhu/Software/neo4j-community-2.1.5/data/graph.db/neostore.propertystore.db] brickCount=0 brickSize=3386887b mappedMem=338690048b (storeSize=0b)
2015-01-17 02:12:15.341+0000 INFO  [o.n.k.i.n.s.StoreFactory]: [/Users/fengzhu/Software/neo4j-community-2.1.5/data/graph.db/neostore.relationshipstore.db] brickCount=0 brickSize=4152352b mappedMem=415236096b (storeSize=0b)
2015-01-17 02:12:15.342+0000 INFO  [o.n.k.i.n.s.StoreFactory]: [/Users/fengzhu/Software/neo4j-community-2.1.5/data/graph.db/neostore.nodestore.db.labels] brickCount=0 brickSize=0b mappedMem=0b (storeSize=68b)
2015-01-17 02:12:15.342+0000 INFO  [o.n.k.i.n.s.StoreFactory]: [/Users/fengzhu/Software/neo4j-community-2.1.5/data/graph.db/neostore.nodestore.db] brickCount=0 brickSize=933225b mappedMem=93323264b (storeSize=0b)
2015-01-17 02:12:15.343+0000 INFO  [o.n.k.i.n.s.StoreFactory]: [/Users/fengzhu/Software/neo4j-community-2.1.5/data/graph.db/neostore.schemastore.db] brickCount=0 brickSize=0b mappedMem=0b (storeSize=64b)
2015-01-17 02:12:15.343+0000 INFO  [o.n.k.i.n.s.StoreFactory]: [/Users/fengzhu/Software/neo4j-community-2.1.5/data/graph.db/neostore.relationshipgroupstore.db] brickCount=0 brickSize=0b mappedMem=0b (storeSize=25b)
2015-01-17 02:12:15.344+0000 INFO  [o.n.k.i.n.s.StoreFactory]: [/Users/fengzhu/Software/neo4j-community-2.1.5/data/graph.db/neostore] brickCount=0 brickSize=0b mappedMem=0b (storeSize=81b)
2015-01-17 02:12:15.463+0000 INFO  [o.n.k.a.i.i.LuceneLabelScanStore]: No lucene scan store index found, this might just be first use. Preparing to rebuild.
2015-01-17 02:12:15.513+0000 INFO  [o.n.k.a.i.i.LuceneLabelScanStore]: No lucene scan store index found, this might just be first use. Preparing to rebuild.
2015-01-17 02:12:15.636+0000 INFO  [o.n.k.i.t.x.XaLogicalLog]: Opened logical log [/Users/fengzhu/Software/neo4j-community-2.1.5/data/graph.db/nioneo_logical.log.1] version=0, lastTxId=1 (clean)
2015-01-17 02:12:15.640+0000 INFO  [o.n.k.a.i.i.LuceneLabelScanStore]: Rebuilding lucene scan store, this may take a while
2015-01-17 02:12:15.641+0000 INFO  [o.n.k.a.i.i.LuceneLabelScanStore]: Lucene scan store rebuilt (roughly -1 nodes)
2015-01-17 02:12:15.647+0000 INFO  [o.n.k.i.t.TxManager]: TM new log: tm_tx_log.1
2015-01-17 02:12:15.654+0000 INFO  [o.n.k.i.t.KernelHealth]: Kernel health set to OK
2015-01-17 02:12:15.786+0000 INFO  [o.n.k.i.t.x.XaLogicalLog]: Opened logical log [/Users/fengzhu/Software/neo4j-community-2.1.5/data/graph.db/index/lucene.log.1] version=0, lastTxId=1 (clean)
2015-01-17 02:12:15.791+0000 INFO  [o.n.k.i.DiagnosticsManager]: --- STARTED diagnostics for KernelDiagnostics:Versions START ---
2015-01-17 02:12:15.791+0000 INFO  [o.n.k.i.DiagnosticsManager]: Graph Database: org.neo4j.kernel.EmbeddedGraphDatabase StoreId{creationTime=1421460735237, randomId=-6691718763985341093, storeVersion=14406081294923270, upgradeTime=1421460735237, upgradeId=-6691718763985341093}
2015-01-17 02:12:15.791+0000 INFO  [o.n.k.i.DiagnosticsManager]: Kernel version: Neo4j - Graph Database Kernel (neo4j-kernel), version: 2.1.5
2015-01-17 02:12:15.791+0000 INFO  [o.n.k.i.DiagnosticsManager]: Neo4j component versions:
2015-01-17 02:12:15.801+0000 INFO  [o.n.k.i.DiagnosticsManager]:   Neo4j - Lucene Index (neo4j-lucene-index), version: 2.1.5; revision: 2.1.5:2.1-maint:529/45c3cc04946c2b0e243e48c8252e40cb85931744
2015-01-17 02:12:15.801+0000 INFO  [o.n.k.i.DiagnosticsManager]:   Neo4j - JMX support (neo4j-jmx), version: 2.1.5; revision: 2.1.5:2.1-maint:529/45c3cc04946c2b0e243e48c8252e40cb85931744
2015-01-17 02:12:15.802+0000 INFO  [o.n.k.i.DiagnosticsManager]:   Neo4j - Graph Matching (neo4j-graph-matching), version: 2.1.5; revision: 2.1.5:2.1-maint:529/45c3cc04946c2b0e243e48c8252e40cb85931744
2015-01-17 02:12:15.802+0000 INFO  [o.n.k.i.DiagnosticsManager]:   Neo4j Server API (server-api), version: 2.1.5; revision: 2.1.5:2.1-maint:529/45c3cc04946c2b0e243e48c8252e40cb85931744
2015-01-17 02:12:15.802+0000 INFO  [o.n.k.i.DiagnosticsManager]:   Neo4j - Graph Database Kernel (neo4j-kernel), version: 2.1.5; revision: 2.1.5:2.1-maint:529/45c3cc04946c2b0e243e48c8252e40cb85931744
2015-01-17 02:12:15.802+0000 INFO  [o.n.k.i.DiagnosticsManager]:   Neo4j - Cypher (neo4j-cypher), version: 2.1.5; revision: 2.1.5:2.1-maint:529/45c3cc04946c2b0e243e48c8252e40cb85931744
2015-01-17 02:12:15.802+0000 INFO  [o.n.k.i.DiagnosticsManager]:   Neo4j Server (neo4j-server), version: 2.1.5; revision: 2.1.5:2.1-maint:529/45c3cc04946c2b0e243e48c8252e40cb85931744
2015-01-17 02:12:15.802+0000 INFO  [o.n.k.i.DiagnosticsManager]:   Neo4j - Graph Algorithms (neo4j-graph-algo), version: 2.1.5; revision: 2.1.5:2.1-maint:529/45c3cc04946c2b0e243e48c8252e40cb85931744
2015-01-17 02:12:15.802+0000 INFO  [o.n.k.i.DiagnosticsManager]:   Neo4j - Cypher Compiler 2.0 (neo4j-cypher-compiler-2.0), version: 2.0.3; revision: 2.0.3:2.0-maint:72/307c563c11b75fdc71cfa6df05daf9b08d6c37dc
2015-01-17 02:12:15.802+0000 INFO  [o.n.k.i.DiagnosticsManager]:   Neo4j - Generic shell (neo4j-shell), version: 2.1.5; revision: 2.1.5:2.1-maint:529/45c3cc04946c2b0e243e48c8252e40cb85931744
2015-01-17 02:12:15.802+0000 INFO  [o.n.k.i.DiagnosticsManager]:   Neo4j - Cypher Compiler 1.9 (neo4j-cypher-compiler-1.9), version: 2.0.3; revision: 2.0.3:2.0-maint:72/307c563c11b75fdc71cfa6df05daf9b08d6c37dc
2015-01-17 02:12:15.802+0000 INFO  [o.n.k.i.DiagnosticsManager]:   neo4j-udc, version: 2.1.5; revision: 2.1.5:2.1-maint:529/45c3cc04946c2b0e243e48c8252e40cb85931744
2015-01-17 02:12:15.803+0000 INFO  [o.n.k.i.DiagnosticsManager]:   Neo4j - Cypher Commons (neo4j-cypher-commons), version: 2.1.5; revision: 2.1.5:2.1-maint:529/45c3cc04946c2b0e243e48c8252e40cb85931744
2015-01-17 02:12:15.803+0000 INFO  [o.n.k.i.DiagnosticsManager]: --- STARTED diagnostics for KernelDiagnostics:Versions END ---
2015-01-17 02:12:15.806+0000 INFO  [o.n.k.i.DiagnosticsManager]: --- STARTED diagnostics for NEO_STORE_VERSIONS START ---
2015-01-17 02:12:15.806+0000 INFO  [o.n.k.i.DiagnosticsManager]: Store versions:
2015-01-17 02:12:15.807+0000 INFO  [o.n.k.i.DiagnosticsManager]: Store versions:
2015-01-17 02:12:15.807+0000 INFO  [o.n.k.i.DiagnosticsManager]:   NeoStore v0.A.3
2015-01-17 02:12:15.807+0000 INFO  [o.n.k.i.DiagnosticsManager]:   SchemaStore v0.A.3
2015-01-17 02:12:15.807+0000 INFO  [o.n.k.i.DiagnosticsManager]:   NodeStore v0.A.3
2015-01-17 02:12:15.807+0000 INFO  [o.n.k.i.DiagnosticsManager]:   RelationshipStore v0.A.3
2015-01-17 02:12:15.807+0000 INFO  [o.n.k.i.DiagnosticsManager]:   RelationshipTypeStore v0.A.3
2015-01-17 02:12:15.807+0000 INFO  [o.n.k.i.DiagnosticsManager]:   LabelTokenStore v0.A.3
2015-01-17 02:12:15.807+0000 INFO  [o.n.k.i.DiagnosticsManager]:   PropertyStore v0.A.3
2015-01-17 02:12:15.807+0000 INFO  [o.n.k.i.DiagnosticsManager]:   PropertyIndexStore v0.A.3
2015-01-17 02:12:15.807+0000 INFO  [o.n.k.i.DiagnosticsManager]:   StringPropertyStore v0.A.3
2015-01-17 02:12:15.807+0000 INFO  [o.n.k.i.DiagnosticsManager]:   ArrayPropertyStore v0.A.3
2015-01-17 02:12:15.807+0000 INFO  [o.n.k.i.DiagnosticsManager]:   RelationshipGroupStore v0.A.3
2015-01-17 02:12:15.807+0000 INFO  [o.n.k.i.DiagnosticsManager]: --- STARTED diagnostics for NEO_STORE_VERSIONS END ---
2015-01-17 02:12:15.808+0000 INFO  [o.n.k.i.DiagnosticsManager]: --- STARTED diagnostics for NEO_STORE_ID_USAGE START ---
2015-01-17 02:12:15.808+0000 INFO  [o.n.k.i.DiagnosticsManager]: Id usage:
2015-01-17 02:12:15.808+0000 INFO  [o.n.k.i.DiagnosticsManager]: Id usage:
2015-01-17 02:12:15.808+0000 INFO  [o.n.k.i.DiagnosticsManager]:   SchemaStore: used=1 high=0
2015-01-17 02:12:15.808+0000 INFO  [o.n.k.i.DiagnosticsManager]:   NodeStore: used=0 high=-1
2015-01-17 02:12:15.808+0000 INFO  [o.n.k.i.DiagnosticsManager]:   RelationshipStore: used=0 high=-1
2015-01-17 02:12:15.808+0000 INFO  [o.n.k.i.DiagnosticsManager]:   RelationshipTypeStore: used=0 high=-1
2015-01-17 02:12:15.809+0000 INFO  [o.n.k.i.DiagnosticsManager]:   LabelTokenStore: used=0 high=-1
2015-01-17 02:12:15.809+0000 INFO  [o.n.k.i.DiagnosticsManager]:   PropertyStore: used=0 high=-1
2015-01-17 02:12:15.809+0000 INFO  [o.n.k.i.DiagnosticsManager]:   PropertyIndexStore: used=0 high=-1
2015-01-17 02:12:15.809+0000 INFO  [o.n.k.i.DiagnosticsManager]:   StringPropertyStore: used=1 high=0
2015-01-17 02:12:15.809+0000 INFO  [o.n.k.i.DiagnosticsManager]:   ArrayPropertyStore: used=1 high=0
2015-01-17 02:12:15.810+0000 INFO  [o.n.k.i.DiagnosticsManager]:   RelationshipGroupStore: used=1 high=0
2015-01-17 02:12:15.810+0000 INFO  [o.n.k.i.DiagnosticsManager]: --- STARTED diagnostics for NEO_STORE_ID_USAGE END ---
2015-01-17 02:12:15.810+0000 INFO  [o.n.k.i.DiagnosticsManager]: --- STARTED diagnostics for PERSISTENCE_WINDOW_POOL_STATS START ---
2015-01-17 02:12:15.810+0000 INFO  [o.n.k.i.DiagnosticsManager]: --- STARTED diagnostics for PERSISTENCE_WINDOW_POOL_STATS END ---
2015-01-17 02:12:15.810+0000 INFO  [o.n.k.i.DiagnosticsManager]: --- STARTED diagnostics for KernelDiagnostics:StoreFiles START ---
2015-01-17 02:12:15.811+0000 INFO  [o.n.k.i.DiagnosticsManager]: Disk space on partition (Total / Free / Free %): 250140434432 / 26163466240 / 10
Storage files: (filename : modification date - size)
2015-01-17 02:12:15.812+0000 INFO  [o.n.k.i.DiagnosticsManager]:   active_tx_log: 2015-01-16T18:12:15-0800 - 11.00 B
2015-01-17 02:12:15.813+0000 INFO  [o.n.k.i.DiagnosticsManager]:   index:
2015-01-17 02:12:15.813+0000 INFO  [o.n.k.i.DiagnosticsManager]:     lucene-store.db: 2015-01-16T18:12:15-0800 - 40.00 B
2015-01-17 02:12:15.814+0000 INFO  [o.n.k.i.DiagnosticsManager]:     lucene.log.1: 2015-01-16T18:12:15-0800 - 16.00 B
2015-01-17 02:12:15.814+0000 INFO  [o.n.k.i.DiagnosticsManager]:     lucene.log.active: 2015-01-16T18:12:15-0800 - 4.00 B
2015-01-17 02:12:15.814+0000 INFO  [o.n.k.i.DiagnosticsManager]:   - Total: 2015-01-16T18:12:15-0800 - 60.00 B
2015-01-17 02:12:15.815+0000 INFO  [o.n.k.i.DiagnosticsManager]:   lock: 2015-01-16T18:12:15-0800 - 0.00 B
2015-01-17 02:12:15.815+0000 INFO  [o.n.k.i.DiagnosticsManager]:   messages.log: 2015-01-16T18:12:15-0800 - 44.94 kB
2015-01-17 02:12:15.815+0000 INFO  [o.n.k.i.DiagnosticsManager]:   neostore: 2015-01-16T18:12:15-0800 - 81.00 B
2015-01-17 02:12:15.816+0000 INFO  [o.n.k.i.DiagnosticsManager]:   neostore.id: 2015-01-16T18:12:15-0800 - 9.00 B
2015-01-17 02:12:15.816+0000 INFO  [o.n.k.i.DiagnosticsManager]:   neostore.labeltokenstore.db: 2015-01-16T18:12:15-0800 - 0.00 B
2015-01-17 02:12:15.817+0000 INFO  [o.n.k.i.DiagnosticsManager]:   neostore.labeltokenstore.db.id: 2015-01-16T18:12:15-0800 - 9.00 B
2015-01-17 02:12:15.817+0000 INFO  [o.n.k.i.DiagnosticsManager]:   neostore.labeltokenstore.db.names: 2015-01-16T18:12:15-0800 - 38.00 B
2015-01-17 02:12:15.817+0000 INFO  [o.n.k.i.DiagnosticsManager]:   neostore.labeltokenstore.db.names.id: 2015-01-16T18:12:15-0800 - 9.00 B
2015-01-17 02:12:15.818+0000 INFO  [o.n.k.i.DiagnosticsManager]:   neostore.nodestore.db: 2015-01-16T18:12:15-0800 - 0.00 B
2015-01-17 02:12:15.818+0000 INFO  [o.n.k.i.DiagnosticsManager]:   neostore.nodestore.db.id: 2015-01-16T18:12:15-0800 - 9.00 B
2015-01-17 02:12:15.818+0000 INFO  [o.n.k.i.DiagnosticsManager]:   neostore.nodestore.db.labels: 2015-01-16T18:12:15-0800 - 68.00 B
2015-01-17 02:12:15.819+0000 INFO  [o.n.k.i.DiagnosticsManager]:   neostore.nodestore.db.labels.id: 2015-01-16T18:12:15-0800 - 9.00 B
2015-01-17 02:12:15.819+0000 INFO  [o.n.k.i.DiagnosticsManager]:   neostore.propertystore.db: 2015-01-16T18:12:15-0800 - 0.00 B
2015-01-17 02:12:15.820+0000 INFO  [o.n.k.i.DiagnosticsManager]:   neostore.propertystore.db.arrays: 2015-01-16T18:12:15-0800 - 128.00 B
2015-01-17 02:12:15.820+0000 INFO  [o.n.k.i.DiagnosticsManager]:   neostore.propertystore.db.arrays.id: 2015-01-16T18:12:15-0800 - 9.00 B
2015-01-17 02:12:15.820+0000 INFO  [o.n.k.i.DiagnosticsManager]:   neostore.propertystore.db.id: 2015-01-16T18:12:15-0800 - 9.00 B
2015-01-17 02:12:15.821+0000 INFO  [o.n.k.i.DiagnosticsManager]:   neostore.propertystore.db.index: 2015-01-16T18:12:15-0800 - 0.00 B
2015-01-17 02:12:15.821+0000 INFO  [o.n.k.i.DiagnosticsManager]:   neostore.propertystore.db.index.id: 2015-01-16T18:12:15-0800 - 9.00 B
2015-01-17 02:12:15.822+0000 INFO  [o.n.k.i.DiagnosticsManager]:   neostore.propertystore.db.index.keys: 2015-01-16T18:12:15-0800 - 38.00 B
2015-01-17 02:12:15.822+0000 INFO  [o.n.k.i.DiagnosticsManager]:   neostore.propertystore.db.index.keys.id: 2015-01-16T18:12:15-0800 - 9.00 B
2015-01-17 02:12:15.822+0000 INFO  [o.n.k.i.DiagnosticsManager]:   neostore.propertystore.db.strings: 2015-01-16T18:12:15-0800 - 128.00 B
2015-01-17 02:12:15.823+0000 INFO  [o.n.k.i.DiagnosticsManager]:   neostore.propertystore.db.strings.id: 2015-01-16T18:12:15-0800 - 9.00 B
2015-01-17 02:12:15.823+0000 INFO  [o.n.k.i.DiagnosticsManager]:   neostore.relationshipgroupstore.db: 2015-01-16T18:12:15-0800 - 25.00 B
2015-01-17 02:12:15.823+0000 INFO  [o.n.k.i.DiagnosticsManager]:   neostore.relationshipgroupstore.db.id: 2015-01-16T18:12:15-0800 - 9.00 B
2015-01-17 02:12:15.824+0000 INFO  [o.n.k.i.DiagnosticsManager]:   neostore.relationshipstore.db: 2015-01-16T18:12:15-0800 - 0.00 B
2015-01-17 02:12:15.824+0000 INFO  [o.n.k.i.DiagnosticsManager]:   neostore.relationshipstore.db.id: 2015-01-16T18:12:15-0800 - 9.00 B
2015-01-17 02:12:15.824+0000 INFO  [o.n.k.i.DiagnosticsManager]:   neostore.relationshiptypestore.db: 2015-01-16T18:12:15-0800 - 0.00 B
2015-01-17 02:12:15.825+0000 INFO  [o.n.k.i.DiagnosticsManager]:   neostore.relationshiptypestore.db.id: 2015-01-16T18:12:15-0800 - 9.00 B
2015-01-17 02:12:15.825+0000 INFO  [o.n.k.i.DiagnosticsManager]:   neostore.relationshiptypestore.db.names: 2015-01-16T18:12:15-0800 - 38.00 B
2015-01-17 02:12:15.826+0000 INFO  [o.n.k.i.DiagnosticsManager]:   neostore.relationshiptypestore.db.names.id: 2015-01-16T18:12:15-0800 - 9.00 B
2015-01-17 02:12:15.826+0000 INFO  [o.n.k.i.DiagnosticsManager]:   neostore.schemastore.db: 2015-01-16T18:12:15-0800 - 64.00 B
2015-01-17 02:12:15.826+0000 INFO  [o.n.k.i.DiagnosticsManager]:   neostore.schemastore.db.id: 2015-01-16T18:12:15-0800 - 9.00 B
2015-01-17 02:12:15.827+0000 INFO  [o.n.k.i.DiagnosticsManager]:   nioneo_logical.log.1: 2015-01-16T18:12:15-0800 - 16.00 B
2015-01-17 02:12:15.827+0000 INFO  [o.n.k.i.DiagnosticsManager]:   nioneo_logical.log.active: 2015-01-16T18:12:15-0800 - 4.00 B
2015-01-17 02:12:15.827+0000 INFO  [o.n.k.i.DiagnosticsManager]:   schema:
2015-01-17 02:12:15.827+0000 INFO  [o.n.k.i.DiagnosticsManager]:     index:
2015-01-17 02:12:15.827+0000 INFO  [o.n.k.i.DiagnosticsManager]:       mapdb-index:
2015-01-17 02:12:15.828+0000 INFO  [o.n.k.i.DiagnosticsManager]:         1.0:
2015-01-17 02:12:15.828+0000 INFO  [o.n.k.i.DiagnosticsManager]:           mapdb-index-tree.db: 2015-01-16T18:12:15-0800 - 64.00 kB
2015-01-17 02:12:15.828+0000 INFO  [o.n.k.i.DiagnosticsManager]:           mapdb-index-tree.db.p: 2015-01-16T18:12:15-0800 - 64.00 kB
2015-01-17 02:12:15.829+0000 INFO  [o.n.k.i.DiagnosticsManager]:         - Total: 2015-01-16T18:12:15-0800 - 128.00 kB
2015-01-17 02:12:15.829+0000 INFO  [o.n.k.i.DiagnosticsManager]:       - Total: 2015-01-16T18:12:14-0800 - 128.00 kB
2015-01-17 02:12:15.829+0000 INFO  [o.n.k.i.DiagnosticsManager]:     - Total: 2015-01-16T18:12:14-0800 - 128.00 kB
2015-01-17 02:12:15.829+0000 INFO  [o.n.k.i.DiagnosticsManager]:     label:
2015-01-17 02:12:15.829+0000 INFO  [o.n.k.i.DiagnosticsManager]:       lucene:
2015-01-17 02:12:15.830+0000 INFO  [o.n.k.i.DiagnosticsManager]:         write.lock: 2015-01-16T18:12:15-0800 - 0.00 B
2015-01-17 02:12:15.830+0000 INFO  [o.n.k.i.DiagnosticsManager]:       - Total: 2015-01-16T18:12:15-0800 - 0.00 B
2015-01-17 02:12:15.830+0000 INFO  [o.n.k.i.DiagnosticsManager]:     - Total: 2015-01-16T18:12:15-0800 - 0.00 B
2015-01-17 02:12:15.830+0000 INFO  [o.n.k.i.DiagnosticsManager]:   - Total: 2015-01-16T18:12:15-0800 - 128.00 kB
2015-01-17 02:12:15.831+0000 INFO  [o.n.k.i.DiagnosticsManager]:   store_lock: 2015-01-16T18:12:15-0800 - 0.00 B
2015-01-17 02:12:15.831+0000 INFO  [o.n.k.i.DiagnosticsManager]:   tm_tx_log.1: 2015-01-16T18:12:15-0800 - 0.00 B
2015-01-17 02:12:15.831+0000 INFO  [o.n.k.i.DiagnosticsManager]: --- STARTED diagnostics for KernelDiagnostics:StoreFiles END ---
2015-01-17 02:12:15.903+0000 INFO  [o.n.k.EmbeddedGraphDatabase]: Database is now ready
2015-01-17 02:12:16.634+0000 INFO  [o.n.s.d.LifecycleManagingDatabase]: Successfully started database
2015-01-17 02:12:16.635+0000 INFO  [o.n.k.i.DiagnosticsManager]: --- SERVER STARTED START ---
2015-01-17 02:12:16.737+0000 INFO  [o.n.s.CommunityNeoServer]: Starting HTTP on port :7474 with 40 threads available
2015-01-17 02:12:17.043+0000 INFO  [o.n.s.CommunityNeoServer]: Enabling HTTPS on port :7473
2015-01-17 02:12:17.147+0000 INFO  [o.n.k.i.DiagnosticsManager]: --- STARTED diagnostics for org.neo4j.server.configuration.Configurator START ---
2015-01-17 02:12:17.149+0000 INFO  [o.n.k.i.DiagnosticsManager]: Server configuration:
2015-01-17 02:12:17.150+0000 INFO  [o.n.k.i.DiagnosticsManager]: org.neo4j.server.database.location = data/graph.db
2015-01-17 02:12:17.150+0000 INFO  [o.n.k.i.DiagnosticsManager]: org.neo4j.server.webserver.port = 7474
2015-01-17 02:12:17.150+0000 INFO  [o.n.k.i.DiagnosticsManager]: org.neo4j.server.webserver.https.enabled = true
2015-01-17 02:12:17.150+0000 INFO  [o.n.k.i.DiagnosticsManager]: org.neo4j.server.webserver.https.port = 7473
2015-01-17 02:12:17.150+0000 INFO  [o.n.k.i.DiagnosticsManager]: org.neo4j.server.webserver.https.cert.location = conf/ssl/snakeoil.cert
2015-01-17 02:12:17.150+0000 INFO  [o.n.k.i.DiagnosticsManager]: org.neo4j.server.webserver.https.key.location = conf/ssl/snakeoil.key
2015-01-17 02:12:17.150+0000 INFO  [o.n.k.i.DiagnosticsManager]: org.neo4j.server.webserver.https.keystore.location = data/keystore
2015-01-17 02:12:17.150+0000 INFO  [o.n.k.i.DiagnosticsManager]: org.neo4j.server.webadmin.rrdb.location = data/rrd
2015-01-17 02:12:17.150+0000 INFO  [o.n.k.i.DiagnosticsManager]: org.neo4j.server.db.tuning.properties = conf/neo4j.properties
2015-01-17 02:12:17.150+0000 INFO  [o.n.k.i.DiagnosticsManager]: org.neo4j.server.manage.console_engines = shell
2015-01-17 02:12:17.150+0000 INFO  [o.n.k.i.DiagnosticsManager]: org.neo4j.server.http.log.enabled = false
2015-01-17 02:12:17.150+0000 INFO  [o.n.k.i.DiagnosticsManager]: org.neo4j.server.http.log.config = conf/neo4j-http-logging.xml
2015-01-17 02:12:17.150+0000 INFO  [o.n.k.i.DiagnosticsManager]: org.neo4j.server.webadmin.management.uri = /db/manage/
2015-01-17 02:12:17.150+0000 INFO  [o.n.k.i.DiagnosticsManager]: org.neo4j.server.webadmin.data.uri = /db/data/
2015-01-17 02:12:17.150+0000 INFO  [o.n.k.i.DiagnosticsManager]: --- STARTED diagnostics for org.neo4j.server.configuration.Configurator END ---
2015-01-17 02:12:17.158+0000 INFO  [o.n.s.m.DiscoveryModule]: Mounted discovery module at [/]
2015-01-17 02:12:17.173+0000 INFO  [o.n.s.m.RESTApiModule]: Mounted REST API at [/db/data/]
2015-01-17 02:12:17.177+0000 INFO  [o.n.s.m.ManagementApiModule]: Mounted management API at [/db/manage/]
2015-01-17 02:12:17.178+0000 INFO  [o.n.s.m.WebAdminModule]: Mounted webadmin at [/webadmin]
2015-01-17 02:12:17.178+0000 INFO  [o.n.s.m.Neo4jBrowserModule]: Mounted Neo4j Browser at [/browser]
2015-01-17 02:12:17.277+0000 INFO  [o.n.s.w.Jetty9WebServer]: Mounting static content at [/webadmin] from [webadmin-html]
2015-01-17 02:12:17.352+0000 INFO  [o.n.s.w.Jetty9WebServer]: Mounting static content at [/browser] from [browser]
2015-01-17 02:12:19.057+0000 INFO  [o.n.s.CommunityNeoServer]: Server started on: http://localhost:7474/
2015-01-17 02:12:19.057+0000 INFO  [o.n.s.CommunityNeoServer]: Remote interface ready and available at [http://localhost:7474/]
2015-01-17 02:12:19.057+0000 INFO  [o.n.k.i.DiagnosticsManager]: --- SERVER STARTED END ---
2015-01-17 02:13:28.510+0000 INFO  [o.n.s.CommunityBootstrapper]: Neo4j Server shutdown initiated by request
2015-01-17 02:13:28.534+0000 INFO  [o.n.s.CommunityNeoServer]: Successfully shutdown Neo4j Server.
2015-01-17 02:13:28.535+0000 INFO  [o.n.k.EmbeddedGraphDatabase]: Shutdown started
2015-01-17 02:13:28.535+0000 INFO  [o.n.k.EmbeddedGraphDatabase]: Database is now unavailable
2015-01-17 02:13:28.539+0000 INFO  [o.n.k.i.t.x.XaLogicalLog]: Closed log /Users/fengzhu/Software/neo4j-community-2.1.5/data/graph.db/index/lucene.log
2015-01-17 02:13:28.540+0000 INFO  [o.n.k.i.t.TxManager]: TM shutting down
2015-01-17 02:13:28.547+0000 INFO  [o.n.k.i.t.x.XaLogicalLog]: Closed log /Users/fengzhu/Software/neo4j-community-2.1.5/data/graph.db/nioneo_logical.log
2015-01-17 02:13:28.550+0000 INFO  [o.n.k.i.n.s.StoreFactory]: /Users/fengzhu/Software/neo4j-community-2.1.5/data/graph.db/neostore.relationshiptypestore.db.names hit=0 miss=10 switches=0 ooe=0
2015-01-17 02:13:28.551+0000 INFO  [o.n.k.i.n.s.StoreFactory]: /Users/fengzhu/Software/neo4j-community-2.1.5/data/graph.db/neostore.relationshiptypestore.db hit=0 miss=10 switches=0 ooe=0
2015-01-17 02:13:28.551+0000 INFO  [o.n.k.i.n.s.StoreFactory]: /Users/fengzhu/Software/neo4j-community-2.1.5/data/graph.db/neostore.labeltokenstore.db.names hit=0 miss=39 switches=0 ooe=0
2015-01-17 02:13:28.552+0000 INFO  [o.n.k.i.n.s.StoreFactory]: /Users/fengzhu/Software/neo4j-community-2.1.5/data/graph.db/neostore.labeltokenstore.db hit=0 miss=39 switches=0 ooe=0
2015-01-17 02:13:28.553+0000 INFO  [o.n.k.i.n.s.StoreFactory]: /Users/fengzhu/Software/neo4j-community-2.1.5/data/graph.db/neostore.propertystore.db.strings hit=174 miss=0 switches=0 ooe=0
2015-01-17 02:13:28.554+0000 INFO  [o.n.k.i.n.s.StoreFactory]: /Users/fengzhu/Software/neo4j-community-2.1.5/data/graph.db/neostore.propertystore.db.index.keys hit=0 miss=54 switches=0 ooe=0
2015-01-17 02:13:28.555+0000 INFO  [o.n.k.i.n.s.StoreFactory]: /Users/fengzhu/Software/neo4j-community-2.1.5/data/graph.db/neostore.propertystore.db.index hit=0 miss=54 switches=0 ooe=0
2015-01-17 02:13:28.556+0000 INFO  [o.n.k.i.n.s.StoreFactory]: /Users/fengzhu/Software/neo4j-community-2.1.5/data/graph.db/neostore.propertystore.db.arrays hit=0 miss=0 switches=0 ooe=0
2015-01-17 02:13:28.557+0000 INFO  [o.n.k.i.n.s.StoreFactory]: /Users/fengzhu/Software/neo4j-community-2.1.5/data/graph.db/neostore.propertystore.db hit=3122 miss=0 switches=0 ooe=0
2015-01-17 02:13:28.557+0000 INFO  [o.n.k.i.n.s.StoreFactory]: /Users/fengzhu/Software/neo4j-community-2.1.5/data/graph.db/neostore.relationshipstore.db hit=2057 miss=0 switches=0 ooe=0
2015-01-17 02:13:28.558+0000 INFO  [o.n.k.i.n.s.StoreFactory]: /Users/fengzhu/Software/neo4j-community-2.1.5/data/graph.db/neostore.nodestore.db.labels hit=0 miss=0 switches=0 ooe=0
2015-01-17 02:13:28.560+0000 INFO  [o.n.k.i.n.s.StoreFactory]: /Users/fengzhu/Software/neo4j-community-2.1.5/data/graph.db/neostore.nodestore.db hit=1835 miss=0 switches=0 ooe=0
2015-01-17 02:13:28.561+0000 INFO  [o.n.k.i.n.s.StoreFactory]: /Users/fengzhu/Software/neo4j-community-2.1.5/data/graph.db/neostore.schemastore.db hit=0 miss=0 switches=0 ooe=0
2015-01-17 02:13:28.562+0000 INFO  [o.n.k.i.n.s.StoreFactory]: /Users/fengzhu/Software/neo4j-community-2.1.5/data/graph.db/neostore.relationshipgroupstore.db hit=0 miss=0 switches=0 ooe=0
2015-01-17 02:13:28.563+0000 INFO  [o.n.k.i.n.s.StoreFactory]: /Users/fengzhu/Software/neo4j-community-2.1.5/data/graph.db/neostore hit=0 miss=765 switches=0 ooe=0
2015-01-17 02:13:28.564+0000 INFO  [o.n.k.i.n.x.NeoStoreXaDataSource]: NeoStore closed
2015-01-17 02:13:28.564+0000 INFO  [o.n.k.i.DiagnosticsManager]: --- STOPPING diagnostics START ---
2015-01-17 02:13:28.564+0000 INFO  [o.n.k.i.DiagnosticsManager]: --- STOPPING diagnostics END ---
2015-01-17 02:13:28.570+0000 WARN  [o.n.k.EmbeddedGraphDatabase]: Shutdown failed
org.neo4j.kernel.lifecycle.LifecycleException: Failed to transition component 'org.neo4j.kernel.extension.KernelExtensions@129239eb' from STOPPED to SHUTTING_DOWN. Please see attached cause exception
	at org.neo4j.kernel.lifecycle.LifeSupport$LifecycleInstance.shutdown(LifeSupport.java:559) ~[neo4j-kernel-2.1.5.jar:2.1.5]
	at org.neo4j.kernel.lifecycle.LifeSupport.shutdown(LifeSupport.java:200) ~[neo4j-kernel-2.1.5.jar:2.1.5]
	at org.neo4j.kernel.InternalAbstractGraphDatabase.shutdown(InternalAbstractGraphDatabase.java:822) ~[neo4j-kernel-2.1.5.jar:2.1.5]
	at org.neo4j.server.database.LifecycleManagingDatabase.stop(LifecycleManagingDatabase.java:139) [neo4j-server-2.1.5.jar:2.1.5]
	at org.neo4j.server.AbstractNeoServer.stopDatabase(AbstractNeoServer.java:621) [neo4j-server-2.1.5.jar:2.1.5]
	at org.neo4j.server.AbstractNeoServer.access$400(AbstractNeoServer.java:88) [neo4j-server-2.1.5.jar:2.1.5]
	at org.neo4j.server.AbstractNeoServer$6.run(AbstractNeoServer.java:584) [neo4j-server-2.1.5.jar:2.1.5]
	at org.neo4j.helpers.RunCarefully.run(RunCarefully.java:47) [neo4j-kernel-2.1.5.jar:2.1.5]
	at org.neo4j.server.AbstractNeoServer.stop(AbstractNeoServer.java:558) [neo4j-server-2.1.5.jar:2.1.5]
	at org.neo4j.server.Bootstrapper$1.run(Bootstrapper.java:208) [neo4j-server-2.1.5.jar:2.1.5]
Caused by: org.neo4j.kernel.lifecycle.LifecycleException: Failed to transition component 'org.neo4j.index.mapdb.MapDbSchemaIndexProvider@fa0141c3' from STOPPED to SHUTTING_DOWN. Please see attached cause exception
	at org.neo4j.kernel.lifecycle.LifeSupport$LifecycleInstance.shutdown(LifeSupport.java:559) ~[neo4j-kernel-2.1.5.jar:2.1.5]
	at org.neo4j.kernel.lifecycle.LifeSupport.shutdown(LifeSupport.java:200) ~[neo4j-kernel-2.1.5.jar:2.1.5]
	at org.neo4j.kernel.extension.KernelExtensions.shutdown(KernelExtensions.java:131) ~[neo4j-kernel-2.1.5.jar:2.1.5]
	at org.neo4j.kernel.lifecycle.LifeSupport$LifecycleInstance.shutdown(LifeSupport.java:555) ~[neo4j-kernel-2.1.5.jar:2.1.5]
	... 9 common frames omitted
Caused by: java.lang.IllegalAccessError: DB has been closed
	at org.mapdb.EngineWrapper.checkClosed(EngineWrapper.java:276) ~[mapdb-0.9.7.jar:na]
	at org.mapdb.EngineWrapper.getWrappedEngine(EngineWrapper.java:272) ~[mapdb-0.9.7.jar:na]
	at org.mapdb.EngineWrapper.commit(EngineWrapper.java:95) ~[mapdb-0.9.7.jar:na]
	at org.mapdb.DB.commit(DB.java:1266) ~[mapdb-0.9.7.jar:na]
	at org.neo4j.index.mapdb.MapDbSchemaIndexProvider.shutdown(MapDbSchemaIndexProvider.java:58) ~[mapdb-index-1.0.jar:na]
	at org.neo4j.kernel.lifecycle.LifeSupport$LifecycleInstance.shutdown(LifeSupport.java:555) ~[neo4j-kernel-2.1.5.jar:2.1.5]
	... 12 common frames omitted
2015-01-17 02:13:28.571+0000 INFO  [o.n.s.d.LifecycleManagingDatabase]: Database did not stop cleanly. Reason [Failed to transition component 'org.neo4j.kernel.extension.KernelExtensions@129239eb' from STOPPED to SHUTTING_DOWN. Please see attached cause exception]
